<?xml version="1.0" encoding="UTF-8"?>
<!-- Generated by org.testng.reporters.JUnitReportReporter -->
<testsuite hostname="Vilsy" failures="0" tests="1" name="SecondWebPage.FirstClass" time="22.056" errors="0" timestamp="2024-03-12T17:04:59 IST" skipped="0">
  <testcase classname="SecondWebPage.FirstClass" name="PlantsGuru" time="22.056"/>
  <system-out/>
</testsuite> <!-- SecondWebPage.FirstClass -->
