<?xml version="1.0" encoding="UTF-8"?>
<!-- Generated by org.testng.reporters.JUnitReportReporter -->
<testsuite hostname="Vilsy" failures="0" tests="1" name="FirstMavenPjct.FirstMavenPjct" time="44.575" errors="0" timestamp="2024-03-12T16:42:04 IST" skipped="0">
  <testcase classname="FirstMavenPjct.FirstMavenPjct" name="Facebook" time="44.575"/>
  <system-out/>
</testsuite> <!-- FirstMavenPjct.FirstMavenPjct -->
